<?xml version="1.0" encoding="UTF-8"?>
<testng-results skipped="0" failed="0" ignored="0" total="1" passed="1">
  <reporter-output>
  </reporter-output>
  <suite name="Suite" duration-ms="39" started-at="2018-01-21T05:58:37Z" finished-at="2018-01-21T05:58:37Z">
    <groups>
    </groups>
    <test name="Test" duration-ms="39" started-at="2018-01-21T05:58:37Z" finished-at="2018-01-21T05:58:37Z">
      <class name="com.selenium.Demo">
        <test-method status="PASS" signature="testing()[pri:0, instance:com.selenium.Demo@34d6e7b8]" name="testing" duration-ms="9" started-at="2018-01-21T11:28:37Z" finished-at="2018-01-21T11:28:37Z">
          <reporter-output>
          </reporter-output>
        </test-method> <!-- testing -->
      </class> <!-- com.selenium.Demo -->
    </test> <!-- Test -->
  </suite> <!-- Suite -->
</testng-results>
